<?xml version="1.0" encoding="UTF-8"?>
<testng-results skipped="0" failed="0" total="1" passed="1">
  <reporter-output>
  </reporter-output>
  <suite name="Default suite" duration-ms="4205" started-at="2019-03-02T15:27:41Z" finished-at="2019-03-02T15:27:45Z">
    <groups>
    </groups>
    <test name="Default test" duration-ms="4205" started-at="2019-03-02T15:27:41Z" finished-at="2019-03-02T15:27:45Z">
      <class name="getrequest.GetData">
        <test-method status="PASS" signature="testResponceCode()[pri:0, instance:getrequest.GetData@6d78f375]" name="testResponceCode" duration-ms="4172" started-at="2019-03-02T20:57:41Z" finished-at="2019-03-02T20:57:45Z">
          <reporter-output>
          </reporter-output>
        </test-method> <!-- testResponceCode -->
      </class> <!-- getrequest.GetData -->
    </test> <!-- Default test -->
  </suite> <!-- Default suite -->
</testng-results>
